c:\project\uwp\samples\cameraopencv\shared\opencvbridge\release\pch.pch
c:\project\uwp\samples\cameraopencv\shared\opencvbridge\release\vc141.pdb
c:\project\uwp\samples\cameraopencv\shared\opencvbridge\release\pch.obj
c:\project\uwp\samples\cameraopencv\shared\opencvbridge\release\opencvhelper.obj
c:\project\uwp\samples\cameraopencv\shared\opencvbridge\release\svm.obj
c:\project\uwp\samples\cameraopencv\shared\opencvbridge\release\svm-predict.obj
c:\project\uwp\samples\cameraopencv (4)\shared\opencvbridge\release\pch.pch
c:\project\uwp\samples\cameraopencv (4)\shared\opencvbridge\release\vc141.pdb
c:\project\uwp\samples\cameraopencv (4)\shared\opencvbridge\release\pch.obj
c:\project\uwp\samples\cameraopencv (4)\shared\opencvbridge\release\opencvhelper.obj
c:\project\uwp\samples\cameraopencv (4)\shared\opencvbridge\release\svm.obj
c:\project\uwp\samples\cameraopencv (4)\shared\opencvbridge\release\svm-predict.obj
c:\project\uwp\samples\cameraopencv\cs\release\opencvbridge\opencvbridge.dll
c:\project\uwp\samples\cameraopencv\cs\release\opencvbridge\opencvbridge.pdb
c:\project\uwp\samples\cameraopencv (4)\cs\release\opencvbridge\opencvbridge.dll
c:\project\uwp\samples\cameraopencv (4)\cs\release\opencvbridge\opencvbridge.pdb
c:\project\uwp\samples\cameraopencv\cs\release\opencvbridge\opencv_core310.dll
c:\project\uwp\samples\cameraopencv\cs\release\opencvbridge\opencv_imgproc310.dll
c:\project\uwp\samples\cameraopencv\cs\release\opencvbridge\opencv_video310.dll
c:\project\uwp\samples\cameraopencv\cs\release\opencvbridge\opencvbridge.winmd
c:\project\uwp\samples\cameraopencv\cs\release\opencvbridge\opencvbridge.lib
c:\project\uwp\samples\cameraopencv\cs\release\opencvbridge\opencvbridge.exp
c:\project\uwp\samples\cameraopencv\cs\release\opencvbridge\opencvbridge.ipdb
c:\project\uwp\samples\cameraopencv\cs\release\opencvbridge\opencvbridge.iobj
c:\project\uwp\samples\cameraopencv\shared\opencvbridge\release\opencvbridge.vcxproj.copycomplete
c:\project\uwp\samples\cameraopencv\shared\opencvbridge\release\priconfig.xml
c:\project\uwp\samples\cameraopencv\shared\opencvbridge\release\priconfig.xml.intermediate
c:\project\uwp\samples\cameraopencv\shared\opencvbridge\release\unfiltered.layout.resfiles
c:\project\uwp\samples\cameraopencv\shared\opencvbridge\release\unfiltered.layout.resfiles.intermediate
c:\project\uwp\samples\cameraopencv\shared\opencvbridge\release\filtered.layout.resfiles
c:\project\uwp\samples\cameraopencv\shared\opencvbridge\release\filtered.layout.resfiles.intermediate
c:\project\uwp\samples\cameraopencv\shared\opencvbridge\release\excluded.layout.resfiles
c:\project\uwp\samples\cameraopencv\shared\opencvbridge\release\excluded.layout.resfiles.intermediate
c:\project\uwp\samples\cameraopencv\shared\opencvbridge\release\resources.resfiles
c:\project\uwp\samples\cameraopencv\shared\opencvbridge\release\resources.resfiles.intermediate
c:\project\uwp\samples\cameraopencv\shared\opencvbridge\release\pri.resfiles
c:\project\uwp\samples\cameraopencv\shared\opencvbridge\release\pri.resfiles.intermediate
c:\project\uwp\samples\cameraopencv\cs\release\opencvbridge\opencvbridge.pri
c:\project\uwp\samples\cameraopencv\shared\opencvbridge\release\qualifiers.txt
c:\project\uwp\samples\cameraopencv\shared\opencvbridge\release\qualifiers.txt.intermediate
c:\project\uwp\samples\cameraopencv\shared\opencvbridge\release\multiplequalifiersperdimensionfound.txt
c:\project\uwp\samples\cameraopencv\shared\opencvbridge\release\opencvbridge.vcxprojassemblyreference.cache
c:\project\uwp\samples\cameraopencv (4)\cs\release\opencvbridge\opencv_core310.dll
c:\project\uwp\samples\cameraopencv (4)\cs\release\opencvbridge\opencv_imgproc310.dll
c:\project\uwp\samples\cameraopencv (4)\cs\release\opencvbridge\opencv_video310.dll
c:\project\uwp\samples\cameraopencv (4)\cs\release\opencvbridge\opencvbridge.winmd
c:\project\uwp\samples\cameraopencv (4)\cs\release\opencvbridge\opencvbridge.lib
c:\project\uwp\samples\cameraopencv (4)\cs\release\opencvbridge\opencvbridge.exp
c:\project\uwp\samples\cameraopencv (4)\cs\release\opencvbridge\opencvbridge.ipdb
c:\project\uwp\samples\cameraopencv (4)\cs\release\opencvbridge\opencvbridge.iobj
c:\project\uwp\samples\cameraopencv (4)\shared\opencvbridge\release\opencvbridge.vcxprojassemblyreference.cache
c:\project\uwp\samples\cameraopencv (4)\shared\opencvbridge\release\opencvbridge.vcxproj.copycomplete
c:\project\uwp\samples\cameraopencv (4)\shared\opencvbridge\release\priconfig.xml
c:\project\uwp\samples\cameraopencv (4)\shared\opencvbridge\release\priconfig.xml.intermediate
c:\project\uwp\samples\cameraopencv (4)\shared\opencvbridge\release\unfiltered.layout.resfiles
c:\project\uwp\samples\cameraopencv (4)\shared\opencvbridge\release\unfiltered.layout.resfiles.intermediate
c:\project\uwp\samples\cameraopencv (4)\shared\opencvbridge\release\filtered.layout.resfiles
c:\project\uwp\samples\cameraopencv (4)\shared\opencvbridge\release\filtered.layout.resfiles.intermediate
c:\project\uwp\samples\cameraopencv (4)\shared\opencvbridge\release\excluded.layout.resfiles
c:\project\uwp\samples\cameraopencv (4)\shared\opencvbridge\release\excluded.layout.resfiles.intermediate
c:\project\uwp\samples\cameraopencv (4)\shared\opencvbridge\release\resources.resfiles
c:\project\uwp\samples\cameraopencv (4)\shared\opencvbridge\release\resources.resfiles.intermediate
c:\project\uwp\samples\cameraopencv (4)\shared\opencvbridge\release\pri.resfiles
c:\project\uwp\samples\cameraopencv (4)\shared\opencvbridge\release\pri.resfiles.intermediate
c:\project\uwp\samples\cameraopencv (4)\cs\release\opencvbridge\opencvbridge.pri
c:\project\uwp\samples\cameraopencv (4)\shared\opencvbridge\release\qualifiers.txt
c:\project\uwp\samples\cameraopencv (4)\shared\opencvbridge\release\qualifiers.txt.intermediate
c:\project\uwp\samples\cameraopencv (4)\shared\opencvbridge\release\multiplequalifiersperdimensionfound.txt
c:\project\uwp\samples\cameraopencv (4)\shared\opencvbridge\release\opencvbridge.tlog\cl.command.1.tlog
c:\project\uwp\samples\cameraopencv (4)\shared\opencvbridge\release\opencvbridge.tlog\cl.read.1.tlog
c:\project\uwp\samples\cameraopencv (4)\shared\opencvbridge\release\opencvbridge.tlog\cl.write.1.tlog
c:\project\uwp\samples\cameraopencv (4)\shared\opencvbridge\release\opencvbridge.tlog\link.command.1.tlog
c:\project\uwp\samples\cameraopencv (4)\shared\opencvbridge\release\opencvbridge.tlog\link.read.1.tlog
c:\project\uwp\samples\cameraopencv (4)\shared\opencvbridge\release\opencvbridge.tlog\link.write.1.tlog
c:\project\uwp\samples\cameraopencv (4)\shared\opencvbridge\release\opencvbridge.tlog\opencvbridge.read.1u.tlog
c:\project\uwp\samples\cameraopencv (4)\shared\opencvbridge\release\opencvbridge.tlog\opencvbridge.write.1u.tlog
